<?xml version="1.0" encoding="UTF-8"?>
<robot generator="Robot 7.3.2 (Python 3.11.0 on win32)" generated="2025-11-30T00:37:54.991016" rpa="false" schemaversion="5">
<suite id="s1" name="Login Test" source="C:\Users\iliya\Desktop\masters\testing\task2\testCases\browserstack\safari\login_test.robot">
<test id="s1-t1" name="Valid Login Test" line="6">
<kw name="Evaluate" owner="BuiltIn">
<msg time="2025-11-30T00:37:55.171226" level="INFO">${bstack_options} = {'buildName': 'Safari - Login', 'sessionName': 'Test 1: Login - Safari', 'os': 'OS X', 'osVersion': 'Ventura'}</msg>
<var>${bstack_options}</var>
<arg>{'buildName': 'Safari - Login', 'sessionName': 'Test 1: Login - Safari', 'os': 'OS X', 'osVersion': 'Ventura'}</arg>
<doc>Evaluates the given expression in Python and returns the result.</doc>
<status status="PASS" start="2025-11-30T00:37:55.171226" elapsed="0.000000"/>
</kw>
<kw name="Create Dictionary" owner="BuiltIn">
<msg time="2025-11-30T00:37:55.171226" level="INFO">${desired_caps} = {'browserName': 'safari', 'browserVersion': 'latest', 'bstack:options': {'buildName': 'Safari - Login', 'sessionName': 'Test 1: Login - Safari', 'os': 'OS X', 'osVersion': 'Ventura'}}</msg>
<var>${desired_caps}</var>
<arg>browserName=safari</arg>
<arg>browserVersion=latest</arg>
<arg>bstack:options=${bstack_options}</arg>
<doc>Creates and returns a dictionary based on the given ``items``.</doc>
<status status="PASS" start="2025-11-30T00:37:55.171226" elapsed="0.000000"/>
</kw>
<kw name="Open Browser" owner="SeleniumLibrary">
<msg time="2025-11-30T00:37:55.171226" level="WARN">desired_capabilities has been deprecated and removed. Please use options to configure browsers as per documentation.</msg>
<msg time="2025-11-30T00:37:55.171226" level="INFO">Opening browser 'firefox' to base url 'https://www.demoblaze.com/' through remote server at 'https://iliyas_vOV0Jg:QzGQMvKnrQsqXqKepRWd@hub-cloud.browserstack.com/wd/hub'.</msg>
<msg time="2025-11-30T00:38:15.170328" level="INFO">C:\Users\iliya\Desktop\masters\testing\task2\venv\Lib\site-packages\selenium\webdriver\remote\remote_connection.py:421: UserWarning: Embedding username and password in URL could be insecure, use ClientConfig instead
  headers = self.get_remote_connection_headers(parsed_url, self._client_config.keep_alive)</msg>
<arg>${baseUrl}</arg>
<arg>remote_url=${REMOTE_URL}</arg>
<arg>desired_capabilities=${desired_caps}</arg>
<doc>Opens a new browser instance to the optional ``url``.</doc>
<status status="PASS" start="2025-11-30T00:37:55.171226" elapsed="19.999102"/>
</kw>
<kw name="Wait Until Element Is Visible" owner="SeleniumLibrary">
<arg>css:#login2</arg>
<arg>15s</arg>
<doc>Waits until the element ``locator`` is visible.</doc>
<status status="PASS" start="2025-11-30T00:38:15.170328" elapsed="0.462070"/>
</kw>
<kw name="Execute Javascript" owner="SeleniumLibrary">
<msg time="2025-11-30T00:38:15.632398" level="INFO">Executing JavaScript:
document.querySelector('#login2').click()
Without any arguments.</msg>
<arg>document.querySelector('#login2').click()</arg>
<doc>Executes the given JavaScript code with possible arguments.</doc>
<status status="PASS" start="2025-11-30T00:38:15.632398" elapsed="0.225227"/>
</kw>
<kw name="Wait Until Element Is Visible" owner="SeleniumLibrary">
<arg>id:loginusername</arg>
<arg>15s</arg>
<doc>Waits until the element ``locator`` is visible.</doc>
<status status="PASS" start="2025-11-30T00:38:15.873681" elapsed="0.687500"/>
</kw>
<kw name="Input Text" owner="SeleniumLibrary">
<msg time="2025-11-30T00:38:16.561181" level="INFO">Typing text 'theilich' into text field 'id:loginusername'.</msg>
<arg>id:loginusername</arg>
<arg>${login}</arg>
<doc>Types the given ``text`` into the text field identified by ``locator``.</doc>
<status status="PASS" start="2025-11-30T00:38:16.561181" elapsed="0.467741"/>
</kw>
<kw name="Input Password" owner="SeleniumLibrary">
<msg time="2025-11-30T00:38:17.044758" level="INFO">Typing password into text field 'id:loginpassword'.</msg>
<msg time="2025-11-30T00:38:17.620548" level="INFO">Temporally setting log level to: NONE</msg>
<arg>id:loginpassword</arg>
<arg>${password}</arg>
<doc>Types the given password into the text field identified by ``locator``.</doc>
<status status="PASS" start="2025-11-30T00:38:17.028922" elapsed="0.768457"/>
</kw>
<kw name="Click Element" owner="SeleniumLibrary">
<msg time="2025-11-30T00:38:17.797379" level="INFO">Clicking element 'xpath://button[text()='Log in']'.</msg>
<arg>xpath://button[text()='Log in']</arg>
<doc>Click the element identified by ``locator``.</doc>
<status status="PASS" start="2025-11-30T00:38:17.797379" elapsed="0.336251"/>
</kw>
<kw name="Wait Until Element Is Visible" owner="SeleniumLibrary">
<msg time="2025-11-30T00:38:18.726139" level="INFO">Suppressing StaleElementReferenceException from Selenium.</msg>
<arg>id:nameofuser</arg>
<arg>15s</arg>
<doc>Waits until the element ``locator`` is visible.</doc>
<status status="PASS" start="2025-11-30T00:38:18.133630" elapsed="1.879940"/>
</kw>
<kw name="Wait Until Page Contains" owner="SeleniumLibrary">
<arg>PRODUCT STORE</arg>
<arg>10s</arg>
<doc>Waits until ``text`` appears on the current page.</doc>
<status status="PASS" start="2025-11-30T00:38:20.013570" elapsed="0.194073"/>
</kw>
<kw name="Wait Until Element Is Visible" owner="SeleniumLibrary">
<arg>css:#tbodyid &gt; div:nth-child(1)</arg>
<arg>10s</arg>
<doc>Waits until the element ``locator`` is visible.</doc>
<status status="PASS" start="2025-11-30T00:38:20.207643" elapsed="0.734431"/>
</kw>
<kw name="Sleep" owner="BuiltIn">
<msg time="2025-11-30T00:38:22.942271" level="INFO">Slept 2 seconds.</msg>
<arg>2s</arg>
<doc>Pauses the test executed for the given time.</doc>
<status status="PASS" start="2025-11-30T00:38:20.942074" elapsed="2.000197"/>
</kw>
<kw name="Execute Javascript" owner="SeleniumLibrary">
<msg time="2025-11-30T00:38:22.942271" level="INFO">Executing JavaScript:
browserstack_executor: {"action": "setSessionStatus", "arguments": {"status":"passed", "reason": "Login successful"}}
Without any arguments.</msg>
<arg>browserstack_executor: {"action": "setSessionStatus", "arguments": {"status":"passed", "reason": "Login successful"}}</arg>
<doc>Executes the given JavaScript code with possible arguments.</doc>
<status status="PASS" start="2025-11-30T00:38:22.942271" elapsed="0.655265"/>
</kw>
<kw name="Teardown Actions" type="TEARDOWN">
<kw name="Run Keyword If Test Failed" owner="BuiltIn">
<arg>Execute Javascript</arg>
<arg>browserstack_executor: {"action": "setSessionStatus", "arguments": {"status":"failed", "reason": "Test failed"}}</arg>
<doc>Runs the given keyword with the given arguments, if the test failed.</doc>
<status status="PASS" start="2025-11-30T00:38:23.597536" elapsed="0.000000"/>
</kw>
<kw name="Close All Browsers" owner="SeleniumLibrary">
<doc>Closes all open browsers and resets the browser cache.</doc>
<status status="PASS" start="2025-11-30T00:38:23.597536" elapsed="0.885914"/>
</kw>
<status status="PASS" start="2025-11-30T00:38:23.597536" elapsed="0.885914"/>
</kw>
<doc>Login test on Safari via BrowserStack</doc>
<status status="PASS" start="2025-11-30T00:37:55.171226" elapsed="29.312224"/>
</test>
<status status="PASS" start="2025-11-30T00:37:54.991016" elapsed="29.492434"/>
</suite>
<statistics>
<total>
<stat pass="1" fail="0" skip="0">All Tests</stat>
</total>
<tag>
</tag>
<suite>
<stat name="Login Test" id="s1" pass="1" fail="0" skip="0">Login Test</stat>
</suite>
</statistics>
<errors>
<msg time="2025-11-30T00:37:55.171226" level="WARN">desired_capabilities has been deprecated and removed. Please use options to configure browsers as per documentation.</msg>
</errors>
</robot>
