<?xml version="1.0" encoding="UTF-8"?>
<robot generator="Robot 7.3.2 (Python 3.11.0 on win32)" generated="2025-10-23T13:39:24.035491" rpa="false" schemaversion="5">
<suite id="s1" name="Login Test" source="C:\Users\iliya\Desktop\masters\testing\task2\testCases\one\login_test.robot">
<test id="s1-t1" name="Valid Login Test" line="6">
<kw name="Open Browser" owner="SeleniumLibrary">
<msg time="2025-10-23T13:39:24.231040" level="INFO">Opening browser 'Chrome' to base url 'https://www.demoblaze.com/'.</msg>
<arg>${baseUrl}</arg>
<arg>Chrome</arg>
<doc>Opens a new browser instance to the optional ``url``.</doc>
<status status="PASS" start="2025-10-23T13:39:24.231040" elapsed="2.179410"/>
</kw>
<kw name="Scroll Element Into View" owner="SeleniumLibrary">
<arg>css:#login2</arg>
<doc>Scrolls the element identified by ``locator`` into view.</doc>
<status status="PASS" start="2025-10-23T13:39:26.410450" elapsed="0.273666"/>
</kw>
<kw name="Wait Until Element Is Visible" owner="SeleniumLibrary">
<arg>css:#login2</arg>
<arg>10s</arg>
<doc>Waits until the element ``locator`` is visible.</doc>
<status status="PASS" start="2025-10-23T13:39:26.685273" elapsed="0.010979"/>
</kw>
<kw name="Execute Javascript" owner="SeleniumLibrary">
<msg time="2025-10-23T13:39:26.697252" level="INFO">Executing JavaScript:
document.querySelector('#login2').click()
Without any arguments.</msg>
<arg>document.querySelector('#login2').click()</arg>
<doc>Executes the given JavaScript code with possible arguments.</doc>
<status status="PASS" start="2025-10-23T13:39:26.696252" elapsed="0.007162"/>
</kw>
<kw name="Wait Until Element Is Visible" owner="SeleniumLibrary">
<arg>id:loginusername</arg>
<arg>10s</arg>
<doc>Waits until the element ``locator`` is visible.</doc>
<status status="PASS" start="2025-10-23T13:39:26.703414" elapsed="0.211932"/>
</kw>
<kw name="Input Text" owner="SeleniumLibrary">
<msg time="2025-10-23T13:39:26.915346" level="INFO">Typing text 'theilich' into text field 'id:loginusername'.</msg>
<arg>id:loginusername</arg>
<arg>${login}</arg>
<doc>Types the given ``text`` into the text field identified by ``locator``.</doc>
<status status="PASS" start="2025-10-23T13:39:26.915346" elapsed="0.075554"/>
</kw>
<kw name="Input Password" owner="SeleniumLibrary">
<msg time="2025-10-23T13:39:26.990900" level="INFO">Typing password into text field 'id:loginpassword'.</msg>
<msg time="2025-10-23T13:39:27.011018" level="INFO">Temporally setting log level to: NONE</msg>
<arg>id:loginpassword</arg>
<arg>${password}</arg>
<doc>Types the given password into the text field identified by ``locator``.</doc>
<status status="PASS" start="2025-10-23T13:39:26.990900" elapsed="0.054932"/>
</kw>
<kw name="Click Element" owner="SeleniumLibrary">
<msg time="2025-10-23T13:39:27.045832" level="INFO">Clicking element 'xpath://button[text()='Log in']'.</msg>
<arg>xpath://button[text()='Log in']</arg>
<doc>Click the element identified by ``locator``.</doc>
<status status="PASS" start="2025-10-23T13:39:27.045832" elapsed="0.048865"/>
</kw>
<kw name="Wait Until Element Is Visible" owner="SeleniumLibrary">
<arg>id:nameofuser</arg>
<arg>10s</arg>
<doc>Waits until the element ``locator`` is visible.</doc>
<status status="PASS" start="2025-10-23T13:39:27.094697" elapsed="1.398223"/>
</kw>
<kw name="Close Browser" owner="SeleniumLibrary" type="TEARDOWN">
<doc>Closes the current browser.</doc>
<status status="PASS" start="2025-10-23T13:39:28.492920" elapsed="2.088821"/>
</kw>
<doc>Login with variables and fix intercepted click</doc>
<status status="PASS" start="2025-10-23T13:39:24.230040" elapsed="6.351701"/>
</test>
<status status="PASS" start="2025-10-23T13:39:24.051197" elapsed="6.530544"/>
</suite>
<statistics>
<total>
<stat pass="1" fail="0" skip="0">All Tests</stat>
</total>
<tag>
</tag>
<suite>
<stat name="Login Test" id="s1" pass="1" fail="0" skip="0">Login Test</stat>
</suite>
</statistics>
<errors>
</errors>
</robot>
