<?xml version="1.0" encoding="UTF-8"?>
<robot generator="Robot 7.3.2 (Python 3.11.0 on win32)" generated="2025-11-30T01:34:52.194301" rpa="false" schemaversion="5">
<suite id="s1" name="Buy Test &amp; Delete Test &amp; Login Test &amp; Logout Test">
<suite id="s1-s1" name="Buy Test" source="C:\Users\iliya\Desktop\masters\testing\task2\testCases\browserstack\firefox\buy_test.robot">
<test id="s1-s1-t1" name="Buy Product Test" line="6">
<kw name="Evaluate" owner="BuiltIn">
<msg time="2025-11-30T01:34:52.376783" level="INFO">${firefox_options} = &lt;selenium.webdriver.firefox.options.Options object at 0x000001E7BCED40D0&gt;</msg>
<var>${firefox_options}</var>
<arg>sys.modules['selenium.webdriver'].FirefoxOptions()</arg>
<arg>sys, selenium.webdriver</arg>
<doc>Evaluates the given expression in Python and returns the result.</doc>
<status status="PASS" start="2025-11-30T01:34:52.376783" elapsed="0.000000"/>
</kw>
<kw name="Call Method" owner="BuiltIn">
<arg>${firefox_options}</arg>
<arg>set_capability</arg>
<arg>bstack:options</arg>
<arg>${{{"buildName": "Firefox - Buy", "sessionName": "Test 3: Buy Product - Firefox"}}}</arg>
<doc>Calls the named method of the given object with the provided arguments.</doc>
<status status="PASS" start="2025-11-30T01:34:52.376783" elapsed="0.000000"/>
</kw>
<kw name="Open Browser" owner="SeleniumLibrary">
<msg time="2025-11-30T01:34:52.376783" level="INFO">Opening browser 'firefox' to base url 'https://www.demoblaze.com/' through remote server at 'https://iliyas_vOV0Jg:QzGQMvKnrQsqXqKepRWd@hub-cloud.browserstack.com/wd/hub'.</msg>
<msg time="2025-11-30T01:35:03.019965" level="INFO">C:\Users\iliya\Desktop\masters\testing\task2\venv\Lib\site-packages\selenium\webdriver\remote\remote_connection.py:421: UserWarning: Embedding username and password in URL could be insecure, use ClientConfig instead
  headers = self.get_remote_connection_headers(parsed_url, self._client_config.keep_alive)</msg>
<arg>${baseUrl}</arg>
<arg>firefox</arg>
<arg>remote_url=${REMOTE_URL}</arg>
<arg>options=${firefox_options}</arg>
<doc>Opens a new browser instance to the optional ``url``.</doc>
<status status="PASS" start="2025-11-30T01:34:52.376783" elapsed="10.643182"/>
</kw>
<kw name="Maximize Browser Window" owner="SeleniumLibrary">
<doc>Maximizes current browser window.</doc>
<status status="PASS" start="2025-11-30T01:35:03.020980" elapsed="2.009012"/>
</kw>
<kw name="Wait Until Element Is Visible" owner="SeleniumLibrary">
<arg>css:#login2</arg>
<arg>15s</arg>
<doc>Waits until the element ``locator`` is visible.</doc>
<status status="PASS" start="2025-11-30T01:35:05.029992" elapsed="0.296417"/>
</kw>
<kw name="Execute Javascript" owner="SeleniumLibrary">
<msg time="2025-11-30T01:35:05.327529" level="INFO">Executing JavaScript:
document.querySelector('#login2').click()
Without any arguments.</msg>
<arg>document.querySelector('#login2').click()</arg>
<doc>Executes the given JavaScript code with possible arguments.</doc>
<status status="PASS" start="2025-11-30T01:35:05.326409" elapsed="0.125282"/>
</kw>
<kw name="Wait Until Element Is Visible" owner="SeleniumLibrary">
<arg>id:loginusername</arg>
<arg>15s</arg>
<doc>Waits until the element ``locator`` is visible.</doc>
<status status="PASS" start="2025-11-30T01:35:05.451691" elapsed="0.562844"/>
</kw>
<kw name="Input Text" owner="SeleniumLibrary">
<msg time="2025-11-30T01:35:06.014535" level="INFO">Typing text 'theilich' into text field 'id:loginusername'.</msg>
<arg>id:loginusername</arg>
<arg>${login}</arg>
<doc>Types the given ``text`` into the text field identified by ``locator``.</doc>
<status status="PASS" start="2025-11-30T01:35:06.014535" elapsed="0.395682"/>
</kw>
<kw name="Input Password" owner="SeleniumLibrary">
<msg time="2025-11-30T01:35:06.410217" level="INFO">Typing password into text field 'id:loginpassword'.</msg>
<msg time="2025-11-30T01:35:06.654823" level="INFO">Temporally setting log level to: NONE</msg>
<arg>id:loginpassword</arg>
<arg>${password}</arg>
<doc>Types the given password into the text field identified by ``locator``.</doc>
<status status="PASS" start="2025-11-30T01:35:06.410217" elapsed="0.370105"/>
</kw>
<kw name="Click Element" owner="SeleniumLibrary">
<msg time="2025-11-30T01:35:06.780322" level="INFO">Clicking element 'xpath://button[text()='Log in']'.</msg>
<arg>xpath://button[text()='Log in']</arg>
<doc>Click the element identified by ``locator``.</doc>
<status status="PASS" start="2025-11-30T01:35:06.780322" elapsed="0.624672"/>
</kw>
<kw name="Wait Until Element Is Visible" owner="SeleniumLibrary">
<arg>id:nameofuser</arg>
<arg>15s</arg>
<doc>Waits until the element ``locator`` is visible.</doc>
<status status="PASS" start="2025-11-30T01:35:07.404994" elapsed="1.584315"/>
</kw>
<kw name="Wait Until Page Contains Element" owner="SeleniumLibrary">
<arg>css:#tbodyid &gt; div:nth-child(1) &gt; div &gt; div &gt; h4 &gt; a</arg>
<arg>15s</arg>
<doc>Waits until the element ``locator`` appears on the current page.</doc>
<status status="PASS" start="2025-11-30T01:35:08.989309" elapsed="0.730366"/>
</kw>
<kw name="Execute Javascript" owner="SeleniumLibrary">
<msg time="2025-11-30T01:35:09.719675" level="INFO">Executing JavaScript:
document.querySelector('#tbodyid &gt; div:nth-child(1) &gt; div &gt; div &gt; h4 &gt; a').click()
Without any arguments.</msg>
<arg>document.querySelector('#tbodyid &gt; div:nth-child(1) &gt; div &gt; div &gt; h4 &gt; a').click()</arg>
<doc>Executes the given JavaScript code with possible arguments.</doc>
<status status="PASS" start="2025-11-30T01:35:09.719675" elapsed="0.124365"/>
</kw>
<kw name="Wait Until Page Contains" owner="SeleniumLibrary">
<arg>Samsung galaxy s6</arg>
<arg>15s</arg>
<doc>Waits until ``text`` appears on the current page.</doc>
<status status="PASS" start="2025-11-30T01:35:09.844040" elapsed="0.125129"/>
</kw>
<kw name="Wait Until Element Is Visible" owner="SeleniumLibrary">
<arg>css:#tbodyid &gt; div.row &gt; div &gt; a</arg>
<arg>15s</arg>
<doc>Waits until the element ``locator`` is visible.</doc>
<status status="PASS" start="2025-11-30T01:35:09.969169" elapsed="1.263898"/>
</kw>
<kw name="Execute Javascript" owner="SeleniumLibrary">
<msg time="2025-11-30T01:35:11.233067" level="INFO">Executing JavaScript:
document.querySelector('#tbodyid &gt; div.row &gt; div &gt; a').click()
Without any arguments.</msg>
<arg>document.querySelector('#tbodyid &gt; div.row &gt; div &gt; a').click()</arg>
<doc>Executes the given JavaScript code with possible arguments.</doc>
<status status="PASS" start="2025-11-30T01:35:11.233067" elapsed="0.126013"/>
</kw>
<kw name="Handle Alert" owner="SeleniumLibrary">
<msg time="2025-11-30T01:35:11.359080" level="INFO">HANDLE::&lt;class 'NoneType'&gt;::None</msg>
<arg>ACCEPT</arg>
<doc>Handles the current alert and returns its message.</doc>
<status status="PASS" start="2025-11-30T01:35:11.359080" elapsed="0.991373"/>
</kw>
<kw name="Wait Until Element Is Visible" owner="SeleniumLibrary">
<arg>css:#navbarExample &gt; ul &gt; li.nav-item.active &gt; a</arg>
<arg>15s</arg>
<doc>Waits until the element ``locator`` is visible.</doc>
<status status="PASS" start="2025-11-30T01:35:12.350966" elapsed="0.241825"/>
</kw>
<kw name="Execute Javascript" owner="SeleniumLibrary">
<msg time="2025-11-30T01:35:12.592791" level="INFO">Executing JavaScript:
document.querySelector('#navbarExample &gt; ul &gt; li.nav-item.active &gt; a').click()
Without any arguments.</msg>
<arg>document.querySelector('#navbarExample &gt; ul &gt; li.nav-item.active &gt; a').click()</arg>
<doc>Executes the given JavaScript code with possible arguments.</doc>
<status status="PASS" start="2025-11-30T01:35:12.592791" elapsed="0.120359"/>
</kw>
<kw name="Wait Until Page Contains" owner="SeleniumLibrary">
<arg>PRODUCT STORE</arg>
<arg>15s</arg>
<doc>Waits until ``text`` appears on the current page.</doc>
<status status="PASS" start="2025-11-30T01:35:12.713150" elapsed="0.120456"/>
</kw>
<kw name="Wait Until Element Is Visible" owner="SeleniumLibrary">
<arg>css:#cartur</arg>
<arg>15s</arg>
<doc>Waits until the element ``locator`` is visible.</doc>
<status status="PASS" start="2025-11-30T01:35:12.833606" elapsed="1.244024"/>
</kw>
<kw name="Execute Javascript" owner="SeleniumLibrary">
<msg time="2025-11-30T01:35:14.077630" level="INFO">Executing JavaScript:
document.querySelector('#cartur').click()
Without any arguments.</msg>
<arg>document.querySelector('#cartur').click()</arg>
<doc>Executes the given JavaScript code with possible arguments.</doc>
<status status="PASS" start="2025-11-30T01:35:14.077630" elapsed="0.126241"/>
</kw>
<kw name="Wait Until Page Contains" owner="SeleniumLibrary">
<arg>Place Order</arg>
<arg>15s</arg>
<doc>Waits until ``text`` appears on the current page.</doc>
<status status="PASS" start="2025-11-30T01:35:14.203871" elapsed="0.443398"/>
</kw>
<kw name="Wait Until Element Is Visible" owner="SeleniumLibrary">
<arg>css:#page-wrapper &gt; div &gt; div.col-lg-1 &gt; button</arg>
<arg>15s</arg>
<doc>Waits until the element ``locator`` is visible.</doc>
<status status="PASS" start="2025-11-30T01:35:14.647269" elapsed="0.258310"/>
</kw>
<kw name="Execute Javascript" owner="SeleniumLibrary">
<msg time="2025-11-30T01:35:14.905579" level="INFO">Executing JavaScript:
document.querySelector('#page-wrapper &gt; div &gt; div.col-lg-1 &gt; button').click()
Without any arguments.</msg>
<arg>document.querySelector('#page-wrapper &gt; div &gt; div.col-lg-1 &gt; button').click()</arg>
<doc>Executes the given JavaScript code with possible arguments.</doc>
<status status="PASS" start="2025-11-30T01:35:14.905579" elapsed="0.125759"/>
</kw>
<kw name="Wait Until Element Is Visible" owner="SeleniumLibrary">
<arg>css:#name</arg>
<arg>15s</arg>
<doc>Waits until the element ``locator`` is visible.</doc>
<status status="PASS" start="2025-11-30T01:35:15.031338" elapsed="0.248916"/>
</kw>
<kw name="Input Text" owner="SeleniumLibrary">
<msg time="2025-11-30T01:35:15.280254" level="INFO">Typing text 'Iliyas' into text field 'css:#name'.</msg>
<arg>css:#name</arg>
<arg>Iliyas</arg>
<doc>Types the given ``text`` into the text field identified by ``locator``.</doc>
<status status="PASS" start="2025-11-30T01:35:15.280254" elapsed="0.373065"/>
</kw>
<kw name="Sleep" owner="BuiltIn">
<msg time="2025-11-30T01:35:16.653768" level="INFO">Slept 1 second.</msg>
<arg>1s</arg>
<doc>Pauses the test executed for the given time.</doc>
<status status="PASS" start="2025-11-30T01:35:15.653319" elapsed="1.000449"/>
</kw>
<kw name="Input Text" owner="SeleniumLibrary">
<msg time="2025-11-30T01:35:16.653768" level="INFO">Typing text '13' into text field 'css:#card'.</msg>
<arg>css:#card</arg>
<arg>13</arg>
<doc>Types the given ``text`` into the text field identified by ``locator``.</doc>
<status status="PASS" start="2025-11-30T01:35:16.653768" elapsed="0.362473"/>
</kw>
<kw name="Sleep" owner="BuiltIn">
<msg time="2025-11-30T01:35:18.017069" level="INFO">Slept 1 second.</msg>
<arg>1s</arg>
<doc>Pauses the test executed for the given time.</doc>
<status status="PASS" start="2025-11-30T01:35:17.016241" elapsed="1.000828"/>
</kw>
<kw name="Execute Javascript" owner="SeleniumLibrary">
<msg time="2025-11-30T01:35:18.017069" level="INFO">Executing JavaScript:
document.querySelector('#orderModal &gt; div &gt; div &gt; div.modal-footer &gt; button.btn.btn-primary').click()
Without any arguments.</msg>
<arg>document.querySelector('#orderModal &gt; div &gt; div &gt; div.modal-footer &gt; button.btn.btn-primary').click()</arg>
<doc>Executes the given JavaScript code with possible arguments.</doc>
<status status="PASS" start="2025-11-30T01:35:18.017069" elapsed="0.124155"/>
</kw>
<kw name="Wait Until Element Is Visible" owner="SeleniumLibrary">
<arg>css:body &gt; div.sweet-alert.showSweetAlert.visible &gt; div.sa-button-container &gt; div &gt; button</arg>
<arg>10s</arg>
<doc>Waits until the element ``locator`` is visible.</doc>
<status status="PASS" start="2025-11-30T01:35:18.141224" elapsed="0.915115"/>
</kw>
<kw name="Sleep" owner="BuiltIn">
<msg time="2025-11-30T01:35:21.056607" level="INFO">Slept 2 seconds.</msg>
<arg>2s</arg>
<doc>Pauses the test executed for the given time.</doc>
<status status="PASS" start="2025-11-30T01:35:19.056339" elapsed="2.000268"/>
</kw>
<kw name="Click Element" owner="SeleniumLibrary">
<msg time="2025-11-30T01:35:21.056607" level="INFO">Clicking element 'css:body &gt; div.sweet-alert.showSweetAlert.visible &gt; div.sa-button-container &gt; div &gt; button'.</msg>
<arg>css:body &gt; div.sweet-alert.showSweetAlert.visible &gt; div.sa-button-container &gt; div &gt; button</arg>
<doc>Click the element identified by ``locator``.</doc>
<status status="PASS" start="2025-11-30T01:35:21.056607" elapsed="0.302062"/>
</kw>
<kw name="Sleep" owner="BuiltIn">
<msg time="2025-11-30T01:35:23.358754" level="INFO">Slept 2 seconds.</msg>
<arg>2s</arg>
<doc>Pauses the test executed for the given time.</doc>
<status status="PASS" start="2025-11-30T01:35:21.358669" elapsed="2.000085"/>
</kw>
<kw name="Execute Javascript" owner="SeleniumLibrary">
<msg time="2025-11-30T01:35:23.358754" level="INFO">Executing JavaScript:
browserstack_executor: {"action": "setSessionStatus", "arguments": {"status":"passed", "reason": "Purchase successful"}}
Without any arguments.</msg>
<arg>browserstack_executor: {"action": "setSessionStatus", "arguments": {"status":"passed", "reason": "Purchase successful"}}</arg>
<doc>Executes the given JavaScript code with possible arguments.</doc>
<status status="PASS" start="2025-11-30T01:35:23.358754" elapsed="0.336747"/>
</kw>
<kw name="Close All Browsers" owner="SeleniumLibrary">
<doc>Closes all open browsers and resets the browser cache.</doc>
<status status="PASS" start="2025-11-30T01:35:23.695501" elapsed="0.983322"/>
</kw>
<kw name="Run Keyword If Test Failed" owner="BuiltIn" type="TEARDOWN">
<arg>Mark Test Failed</arg>
<doc>Runs the given keyword with the given arguments, if the test failed.</doc>
<status status="PASS" start="2025-11-30T01:35:24.678823" elapsed="0.000000"/>
</kw>
<doc>Buy product test on Firefox via BrowserStack</doc>
<status status="PASS" start="2025-11-30T01:34:52.376783" elapsed="32.303040"/>
</test>
<status status="PASS" start="2025-11-30T01:34:52.201631" elapsed="32.478192"/>
</suite>
<suite id="s1-s2" name="Delete Test" source="C:\Users\iliya\Desktop\masters\testing\task2\testCases\browserstack\firefox\delete_test.robot">
<test id="s1-s2-t1" name="Delete Item From Cart Test" line="6">
<kw name="Evaluate" owner="BuiltIn">
<msg time="2025-11-30T01:35:24.691895" level="INFO">${firefox_options} = &lt;selenium.webdriver.firefox.options.Options object at 0x000001E7BCE6DFD0&gt;</msg>
<var>${firefox_options}</var>
<arg>sys.modules['selenium.webdriver'].FirefoxOptions()</arg>
<arg>sys, selenium.webdriver</arg>
<doc>Evaluates the given expression in Python and returns the result.</doc>
<status status="PASS" start="2025-11-30T01:35:24.690894" elapsed="0.001001"/>
</kw>
<kw name="Call Method" owner="BuiltIn">
<arg>${firefox_options}</arg>
<arg>set_capability</arg>
<arg>bstack:options</arg>
<arg>${{{"buildName": "Firefox - Delete", "sessionName": "Test 4: Delete Item - Firefox"}}}</arg>
<doc>Calls the named method of the given object with the provided arguments.</doc>
<status status="PASS" start="2025-11-30T01:35:24.691895" elapsed="0.000000"/>
</kw>
<kw name="Open Browser" owner="SeleniumLibrary">
<msg time="2025-11-30T01:35:24.692895" level="INFO">Opening browser 'firefox' to base url 'https://www.demoblaze.com/' through remote server at 'https://iliyas_vOV0Jg:QzGQMvKnrQsqXqKepRWd@hub-cloud.browserstack.com/wd/hub'.</msg>
<arg>${baseUrl}</arg>
<arg>firefox</arg>
<arg>remote_url=${REMOTE_URL}</arg>
<arg>options=${firefox_options}</arg>
<doc>Opens a new browser instance to the optional ``url``.</doc>
<status status="PASS" start="2025-11-30T01:35:24.691895" elapsed="10.730803"/>
</kw>
<kw name="Maximize Browser Window" owner="SeleniumLibrary">
<doc>Maximizes current browser window.</doc>
<status status="PASS" start="2025-11-30T01:35:35.422698" elapsed="0.425361"/>
</kw>
<kw name="Wait Until Element Is Visible" owner="SeleniumLibrary">
<arg>css:#login2</arg>
<arg>15s</arg>
<doc>Waits until the element ``locator`` is visible.</doc>
<status status="PASS" start="2025-11-30T01:35:35.848059" elapsed="0.274588"/>
</kw>
<kw name="Execute Javascript" owner="SeleniumLibrary">
<msg time="2025-11-30T01:35:36.122647" level="INFO">Executing JavaScript:
document.querySelector('#login2').click()
Without any arguments.</msg>
<arg>document.querySelector('#login2').click()</arg>
<doc>Executes the given JavaScript code with possible arguments.</doc>
<status status="PASS" start="2025-11-30T01:35:36.122647" elapsed="0.125748"/>
</kw>
<kw name="Wait Until Element Is Visible" owner="SeleniumLibrary">
<arg>id:loginusername</arg>
<arg>15s</arg>
<doc>Waits until the element ``locator`` is visible.</doc>
<status status="PASS" start="2025-11-30T01:35:36.248395" elapsed="0.246338"/>
</kw>
<kw name="Input Text" owner="SeleniumLibrary">
<msg time="2025-11-30T01:35:36.494733" level="INFO">Typing text 'theilich' into text field 'id:loginusername'.</msg>
<arg>id:loginusername</arg>
<arg>${login}</arg>
<doc>Types the given ``text`` into the text field identified by ``locator``.</doc>
<status status="PASS" start="2025-11-30T01:35:36.494733" elapsed="0.410736"/>
</kw>
<kw name="Input Password" owner="SeleniumLibrary">
<msg time="2025-11-30T01:35:36.905469" level="INFO">Typing password into text field 'id:loginpassword'.</msg>
<msg time="2025-11-30T01:35:37.249594" level="INFO">Temporally setting log level to: NONE</msg>
<arg>id:loginpassword</arg>
<arg>${password}</arg>
<doc>Types the given password into the text field identified by ``locator``.</doc>
<status status="PASS" start="2025-11-30T01:35:36.905469" elapsed="0.469708"/>
</kw>
<kw name="Click Element" owner="SeleniumLibrary">
<msg time="2025-11-30T01:35:37.375177" level="INFO">Clicking element 'xpath://button[text()='Log in']'.</msg>
<arg>xpath://button[text()='Log in']</arg>
<doc>Click the element identified by ``locator``.</doc>
<status status="PASS" start="2025-11-30T01:35:37.375177" elapsed="0.930000"/>
</kw>
<kw name="Wait Until Element Is Visible" owner="SeleniumLibrary">
<arg>id:nameofuser</arg>
<arg>15s</arg>
<doc>Waits until the element ``locator`` is visible.</doc>
<status status="PASS" start="2025-11-30T01:35:38.305177" elapsed="0.694158"/>
</kw>
<kw name="Wait Until Page Contains Element" owner="SeleniumLibrary">
<arg>css:#tbodyid &gt; div:nth-child(1) &gt; div &gt; div &gt; h4 &gt; a</arg>
<arg>15s</arg>
<doc>Waits until the element ``locator`` appears on the current page.</doc>
<status status="PASS" start="2025-11-30T01:35:38.999335" elapsed="0.125000"/>
</kw>
<kw name="Execute Javascript" owner="SeleniumLibrary">
<msg time="2025-11-30T01:35:39.124335" level="INFO">Executing JavaScript:
document.querySelector('#tbodyid &gt; div:nth-child(1) &gt; div &gt; div &gt; h4 &gt; a').click()
Without any arguments.</msg>
<arg>document.querySelector('#tbodyid &gt; div:nth-child(1) &gt; div &gt; div &gt; h4 &gt; a').click()</arg>
<doc>Executes the given JavaScript code with possible arguments.</doc>
<status status="PASS" start="2025-11-30T01:35:39.124335" elapsed="0.126332"/>
</kw>
<kw name="Wait Until Page Contains" owner="SeleniumLibrary">
<arg>Samsung galaxy s6</arg>
<arg>15s</arg>
<doc>Waits until ``text`` appears on the current page.</doc>
<status status="PASS" start="2025-11-30T01:35:39.250667" elapsed="0.826331"/>
</kw>
<kw name="Wait Until Element Is Visible" owner="SeleniumLibrary">
<arg>css:#tbodyid &gt; div.row &gt; div &gt; a</arg>
<arg>15s</arg>
<doc>Waits until the element ``locator`` is visible.</doc>
<status status="PASS" start="2025-11-30T01:35:40.076998" elapsed="0.261760"/>
</kw>
<kw name="Execute Javascript" owner="SeleniumLibrary">
<msg time="2025-11-30T01:35:40.338758" level="INFO">Executing JavaScript:
document.querySelector('#tbodyid &gt; div.row &gt; div &gt; a').click()
Without any arguments.</msg>
<arg>document.querySelector('#tbodyid &gt; div.row &gt; div &gt; a').click()</arg>
<doc>Executes the given JavaScript code with possible arguments.</doc>
<status status="PASS" start="2025-11-30T01:35:40.338758" elapsed="0.126313"/>
</kw>
<kw name="Handle Alert" owner="SeleniumLibrary">
<msg time="2025-11-30T01:35:40.465071" level="INFO">HANDLE::&lt;class 'NoneType'&gt;::None</msg>
<arg>ACCEPT</arg>
<doc>Handles the current alert and returns its message.</doc>
<status status="PASS" start="2025-11-30T01:35:40.465071" elapsed="0.972523"/>
</kw>
<kw name="Wait Until Element Is Visible" owner="SeleniumLibrary">
<arg>css:#navbarExample &gt; ul &gt; li.nav-item.active &gt; a</arg>
<arg>15s</arg>
<doc>Waits until the element ``locator`` is visible.</doc>
<status status="PASS" start="2025-11-30T01:35:41.437594" elapsed="0.256508"/>
</kw>
<kw name="Execute Javascript" owner="SeleniumLibrary">
<msg time="2025-11-30T01:35:41.695120" level="INFO">Executing JavaScript:
document.querySelector('#navbarExample &gt; ul &gt; li.nav-item.active &gt; a').click()
Without any arguments.</msg>
<arg>document.querySelector('#navbarExample &gt; ul &gt; li.nav-item.active &gt; a').click()</arg>
<doc>Executes the given JavaScript code with possible arguments.</doc>
<status status="PASS" start="2025-11-30T01:35:41.694102" elapsed="0.124665"/>
</kw>
<kw name="Wait Until Page Contains" owner="SeleniumLibrary">
<arg>PRODUCT STORE</arg>
<arg>15s</arg>
<doc>Waits until ``text`` appears on the current page.</doc>
<status status="PASS" start="2025-11-30T01:35:41.818767" elapsed="0.117459"/>
</kw>
<kw name="Wait Until Element Is Visible" owner="SeleniumLibrary">
<arg>css:#cartur</arg>
<arg>15s</arg>
<doc>Waits until the element ``locator`` is visible.</doc>
<status status="PASS" start="2025-11-30T01:35:41.936226" elapsed="1.296341"/>
</kw>
<kw name="Execute Javascript" owner="SeleniumLibrary">
<msg time="2025-11-30T01:35:43.232567" level="INFO">Executing JavaScript:
document.querySelector('#cartur').click()
Without any arguments.</msg>
<arg>document.querySelector('#cartur').click()</arg>
<doc>Executes the given JavaScript code with possible arguments.</doc>
<status status="PASS" start="2025-11-30T01:35:43.232567" elapsed="0.137273"/>
</kw>
<kw name="Wait Until Page Contains" owner="SeleniumLibrary">
<arg>Delete</arg>
<arg>15s</arg>
<doc>Waits until ``text`` appears on the current page.</doc>
<status status="PASS" start="2025-11-30T01:35:43.369840" elapsed="1.097811"/>
</kw>
<kw name="Wait Until Element Is Visible" owner="SeleniumLibrary">
<arg>css:#tbodyid &gt; tr &gt; td:nth-child(4) &gt; a</arg>
<arg>15s</arg>
<doc>Waits until the element ``locator`` is visible.</doc>
<status status="PASS" start="2025-11-30T01:35:44.467651" elapsed="0.257705"/>
</kw>
<kw name="Execute Javascript" owner="SeleniumLibrary">
<msg time="2025-11-30T01:35:44.725878" level="INFO">Executing JavaScript:
document.querySelector('#tbodyid &gt; tr &gt; td:nth-child(4) &gt; a').click()
Without any arguments.</msg>
<arg>document.querySelector('#tbodyid &gt; tr &gt; td:nth-child(4) &gt; a').click()</arg>
<doc>Executes the given JavaScript code with possible arguments.</doc>
<status status="PASS" start="2025-11-30T01:35:44.725878" elapsed="0.124964"/>
</kw>
<kw name="Sleep" owner="BuiltIn">
<msg time="2025-11-30T01:35:47.850868" level="INFO">Slept 3 seconds.</msg>
<arg>3s</arg>
<doc>Pauses the test executed for the given time.</doc>
<status status="PASS" start="2025-11-30T01:35:44.850842" elapsed="3.000026"/>
</kw>
<kw name="Execute Javascript" owner="SeleniumLibrary">
<msg time="2025-11-30T01:35:47.850868" level="INFO">Executing JavaScript:
browserstack_executor: {"action": "setSessionStatus", "arguments": {"status":"passed", "reason": "Delete successful"}}
Without any arguments.</msg>
<arg>browserstack_executor: {"action": "setSessionStatus", "arguments": {"status":"passed", "reason": "Delete successful"}}</arg>
<doc>Executes the given JavaScript code with possible arguments.</doc>
<status status="PASS" start="2025-11-30T01:35:47.850868" elapsed="0.303569"/>
</kw>
<kw name="Close All Browsers" owner="SeleniumLibrary">
<doc>Closes all open browsers and resets the browser cache.</doc>
<status status="PASS" start="2025-11-30T01:35:48.154437" elapsed="0.921722"/>
</kw>
<kw name="Run Keyword If Test Failed" owner="BuiltIn" type="TEARDOWN">
<arg>Mark Test Failed</arg>
<doc>Runs the given keyword with the given arguments, if the test failed.</doc>
<status status="PASS" start="2025-11-30T01:35:49.076159" elapsed="0.000000"/>
</kw>
<doc>Delete item test on Firefox via BrowserStack</doc>
<status status="PASS" start="2025-11-30T01:35:24.682823" elapsed="24.393336"/>
</test>
<status status="PASS" start="2025-11-30T01:35:24.680822" elapsed="24.395337"/>
</suite>
<suite id="s1-s3" name="Login Test" source="C:\Users\iliya\Desktop\masters\testing\task2\testCases\browserstack\firefox\login_test.robot">
<test id="s1-s3-t1" name="Valid Login Test" line="6">
<kw name="Evaluate" owner="BuiltIn">
<msg time="2025-11-30T01:35:49.076159" level="INFO">${firefox_options} = &lt;selenium.webdriver.firefox.options.Options object at 0x000001E7B920F090&gt;</msg>
<var>${firefox_options}</var>
<arg>sys.modules['selenium.webdriver'].FirefoxOptions()</arg>
<arg>sys, selenium.webdriver</arg>
<doc>Evaluates the given expression in Python and returns the result.</doc>
<status status="PASS" start="2025-11-30T01:35:49.076159" elapsed="0.000000"/>
</kw>
<kw name="Call Method" owner="BuiltIn">
<arg>${firefox_options}</arg>
<arg>set_capability</arg>
<arg>bstack:options</arg>
<arg>${{{"buildName": "Firefox - Login", "sessionName": "Test 1: Login - Firefox"}}}</arg>
<doc>Calls the named method of the given object with the provided arguments.</doc>
<status status="PASS" start="2025-11-30T01:35:49.076159" elapsed="0.000000"/>
</kw>
<kw name="Open Browser" owner="SeleniumLibrary">
<msg time="2025-11-30T01:35:49.076159" level="INFO">Opening browser 'firefox' to base url 'https://www.demoblaze.com/' through remote server at 'https://iliyas_vOV0Jg:QzGQMvKnrQsqXqKepRWd@hub-cloud.browserstack.com/wd/hub'.</msg>
<arg>${baseUrl}</arg>
<arg>firefox</arg>
<arg>remote_url=${REMOTE_URL}</arg>
<arg>options=${firefox_options}</arg>
<doc>Opens a new browser instance to the optional ``url``.</doc>
<status status="PASS" start="2025-11-30T01:35:49.076159" elapsed="15.205807"/>
</kw>
<kw name="Maximize Browser Window" owner="SeleniumLibrary">
<doc>Maximizes current browser window.</doc>
<status status="PASS" start="2025-11-30T01:36:04.281966" elapsed="0.473601"/>
</kw>
<kw name="Wait Until Element Is Visible" owner="SeleniumLibrary">
<arg>css:#login2</arg>
<arg>15s</arg>
<doc>Waits until the element ``locator`` is visible.</doc>
<status status="PASS" start="2025-11-30T01:36:04.755567" elapsed="0.346184"/>
</kw>
<kw name="Execute Javascript" owner="SeleniumLibrary">
<msg time="2025-11-30T01:36:05.102770" level="INFO">Executing JavaScript:
document.querySelector('#login2').click()
Without any arguments.</msg>
<arg>document.querySelector('#login2').click()</arg>
<doc>Executes the given JavaScript code with possible arguments.</doc>
<status status="PASS" start="2025-11-30T01:36:05.101751" elapsed="0.116741"/>
</kw>
<kw name="Wait Until Element Is Visible" owner="SeleniumLibrary">
<arg>id:loginusername</arg>
<arg>15s</arg>
<doc>Waits until the element ``locator`` is visible.</doc>
<status status="PASS" start="2025-11-30T01:36:05.218492" elapsed="0.265981"/>
</kw>
<kw name="Input Text" owner="SeleniumLibrary">
<msg time="2025-11-30T01:36:05.484473" level="INFO">Typing text 'theilich' into text field 'id:loginusername'.</msg>
<arg>id:loginusername</arg>
<arg>${login}</arg>
<doc>Types the given ``text`` into the text field identified by ``locator``.</doc>
<status status="PASS" start="2025-11-30T01:36:05.484473" elapsed="0.422414"/>
</kw>
<kw name="Input Password" owner="SeleniumLibrary">
<msg time="2025-11-30T01:36:05.906887" level="INFO">Typing password into text field 'id:loginpassword'.</msg>
<msg time="2025-11-30T01:36:06.171016" level="INFO">Temporally setting log level to: NONE</msg>
<arg>id:loginpassword</arg>
<arg>${password}</arg>
<doc>Types the given password into the text field identified by ``locator``.</doc>
<status status="PASS" start="2025-11-30T01:36:05.906887" elapsed="0.706580"/>
</kw>
<kw name="Click Element" owner="SeleniumLibrary">
<msg time="2025-11-30T01:36:06.614569" level="INFO">Clicking element 'xpath://button[text()='Log in']'.</msg>
<arg>xpath://button[text()='Log in']</arg>
<doc>Click the element identified by ``locator``.</doc>
<status status="PASS" start="2025-11-30T01:36:06.613467" elapsed="0.329403"/>
</kw>
<kw name="Wait Until Element Is Visible" owner="SeleniumLibrary">
<arg>id:nameofuser</arg>
<arg>15s</arg>
<doc>Waits until the element ``locator`` is visible.</doc>
<status status="PASS" start="2025-11-30T01:36:06.942870" elapsed="1.228478"/>
</kw>
<kw name="Wait Until Page Contains" owner="SeleniumLibrary">
<arg>PRODUCT STORE</arg>
<arg>10s</arg>
<doc>Waits until ``text`` appears on the current page.</doc>
<status status="PASS" start="2025-11-30T01:36:08.171348" elapsed="0.141415"/>
</kw>
<kw name="Wait Until Element Is Visible" owner="SeleniumLibrary">
<arg>css:#tbodyid &gt; div:nth-child(1)</arg>
<arg>10s</arg>
<doc>Waits until the element ``locator`` is visible.</doc>
<status status="PASS" start="2025-11-30T01:36:08.312763" elapsed="0.370797"/>
</kw>
<kw name="Sleep" owner="BuiltIn">
<msg time="2025-11-30T01:36:10.684066" level="INFO">Slept 2 seconds.</msg>
<arg>2s</arg>
<doc>Pauses the test executed for the given time.</doc>
<status status="PASS" start="2025-11-30T01:36:08.683560" elapsed="2.000506"/>
</kw>
<kw name="Execute Javascript" owner="SeleniumLibrary">
<msg time="2025-11-30T01:36:10.684066" level="INFO">Executing JavaScript:
browserstack_executor: {"action": "setSessionStatus", "arguments": {"status":"passed", "reason": "Login successful"}}
Without any arguments.</msg>
<arg>browserstack_executor: {"action": "setSessionStatus", "arguments": {"status":"passed", "reason": "Login successful"}}</arg>
<doc>Executes the given JavaScript code with possible arguments.</doc>
<status status="PASS" start="2025-11-30T01:36:10.684066" elapsed="0.309328"/>
</kw>
<kw name="Close All Browsers" owner="SeleniumLibrary">
<doc>Closes all open browsers and resets the browser cache.</doc>
<status status="PASS" start="2025-11-30T01:36:10.993394" elapsed="1.098602"/>
</kw>
<kw name="Run Keyword If Test Failed" owner="BuiltIn" type="TEARDOWN">
<arg>Mark Test Failed</arg>
<doc>Runs the given keyword with the given arguments, if the test failed.</doc>
<status status="PASS" start="2025-11-30T01:36:12.091996" elapsed="0.000000"/>
</kw>
<doc>Login test on Firefox via BrowserStack</doc>
<status status="PASS" start="2025-11-30T01:35:49.076159" elapsed="23.015837"/>
</test>
<status status="PASS" start="2025-11-30T01:35:49.076159" elapsed="23.015837"/>
</suite>
<suite id="s1-s4" name="Logout Test" source="C:\Users\iliya\Desktop\masters\testing\task2\testCases\browserstack\firefox\logout_test.robot">
<test id="s1-s4-t1" name="Valid Logout Test" line="6">
<kw name="Evaluate" owner="BuiltIn">
<msg time="2025-11-30T01:36:12.107627" level="INFO">${firefox_options} = &lt;selenium.webdriver.firefox.options.Options object at 0x000001E7BCED7650&gt;</msg>
<var>${firefox_options}</var>
<arg>sys.modules['selenium.webdriver'].FirefoxOptions()</arg>
<arg>sys, selenium.webdriver</arg>
<doc>Evaluates the given expression in Python and returns the result.</doc>
<status status="PASS" start="2025-11-30T01:36:12.107627" elapsed="0.000000"/>
</kw>
<kw name="Call Method" owner="BuiltIn">
<arg>${firefox_options}</arg>
<arg>set_capability</arg>
<arg>bstack:options</arg>
<arg>${{{"buildName": "Firefox - Logout", "sessionName": "Test 2: Logout - Firefox"}}}</arg>
<doc>Calls the named method of the given object with the provided arguments.</doc>
<status status="PASS" start="2025-11-30T01:36:12.107627" elapsed="0.000000"/>
</kw>
<kw name="Open Browser" owner="SeleniumLibrary">
<msg time="2025-11-30T01:36:12.107627" level="INFO">Opening browser 'firefox' to base url 'https://www.demoblaze.com/' through remote server at 'https://iliyas_vOV0Jg:QzGQMvKnrQsqXqKepRWd@hub-cloud.browserstack.com/wd/hub'.</msg>
<arg>${baseUrl}</arg>
<arg>firefox</arg>
<arg>remote_url=${REMOTE_URL}</arg>
<arg>options=${firefox_options}</arg>
<doc>Opens a new browser instance to the optional ``url``.</doc>
<status status="PASS" start="2025-11-30T01:36:12.107627" elapsed="8.329183"/>
</kw>
<kw name="Maximize Browser Window" owner="SeleniumLibrary">
<doc>Maximizes current browser window.</doc>
<status status="PASS" start="2025-11-30T01:36:20.436810" elapsed="0.485841"/>
</kw>
<kw name="Wait Until Element Is Visible" owner="SeleniumLibrary">
<arg>css:#login2</arg>
<arg>15s</arg>
<doc>Waits until the element ``locator`` is visible.</doc>
<status status="PASS" start="2025-11-30T01:36:20.922651" elapsed="0.263667"/>
</kw>
<kw name="Execute Javascript" owner="SeleniumLibrary">
<msg time="2025-11-30T01:36:21.186318" level="INFO">Executing JavaScript:
document.querySelector('#login2').click()
Without any arguments.</msg>
<arg>document.querySelector('#login2').click()</arg>
<doc>Executes the given JavaScript code with possible arguments.</doc>
<status status="PASS" start="2025-11-30T01:36:21.186318" elapsed="0.109495"/>
</kw>
<kw name="Wait Until Element Is Visible" owner="SeleniumLibrary">
<arg>id:loginusername</arg>
<arg>15s</arg>
<doc>Waits until the element ``locator`` is visible.</doc>
<status status="PASS" start="2025-11-30T01:36:21.295813" elapsed="0.266747"/>
</kw>
<kw name="Input Text" owner="SeleniumLibrary">
<msg time="2025-11-30T01:36:21.562560" level="INFO">Typing text 'theilich' into text field 'id:loginusername'.</msg>
<arg>id:loginusername</arg>
<arg>${login}</arg>
<doc>Types the given ``text`` into the text field identified by ``locator``.</doc>
<status status="PASS" start="2025-11-30T01:36:21.562560" elapsed="0.390097"/>
</kw>
<kw name="Input Password" owner="SeleniumLibrary">
<msg time="2025-11-30T01:36:21.952657" level="INFO">Typing password into text field 'id:loginpassword'.</msg>
<msg time="2025-11-30T01:36:22.187062" level="INFO">Temporally setting log level to: NONE</msg>
<arg>id:loginpassword</arg>
<arg>${password}</arg>
<doc>Types the given password into the text field identified by ``locator``.</doc>
<status status="PASS" start="2025-11-30T01:36:21.952657" elapsed="0.656114"/>
</kw>
<kw name="Click Element" owner="SeleniumLibrary">
<msg time="2025-11-30T01:36:22.608771" level="INFO">Clicking element 'xpath://button[text()='Log in']'.</msg>
<arg>xpath://button[text()='Log in']</arg>
<doc>Click the element identified by ``locator``.</doc>
<status status="PASS" start="2025-11-30T01:36:22.608771" elapsed="0.311528"/>
</kw>
<kw name="Wait Until Element Is Visible" owner="SeleniumLibrary">
<arg>id:nameofuser</arg>
<arg>15s</arg>
<doc>Waits until the element ``locator`` is visible.</doc>
<status status="PASS" start="2025-11-30T01:36:22.920299" elapsed="0.686009"/>
</kw>
<kw name="Wait Until Element Is Visible" owner="SeleniumLibrary">
<arg>css:#logout2</arg>
<arg>15s</arg>
<doc>Waits until the element ``locator`` is visible.</doc>
<status status="PASS" start="2025-11-30T01:36:23.606308" elapsed="0.532621"/>
</kw>
<kw name="Execute Javascript" owner="SeleniumLibrary">
<msg time="2025-11-30T01:36:24.138929" level="INFO">Executing JavaScript:
document.querySelector('#logout2').click()
Without any arguments.</msg>
<arg>document.querySelector('#logout2').click()</arg>
<doc>Executes the given JavaScript code with possible arguments.</doc>
<status status="PASS" start="2025-11-30T01:36:24.138929" elapsed="0.126144"/>
</kw>
<kw name="Wait Until Element Is Visible" owner="SeleniumLibrary">
<arg>css:#login2</arg>
<arg>15s</arg>
<doc>Waits until the element ``locator`` is visible.</doc>
<status status="PASS" start="2025-11-30T01:36:24.265073" elapsed="0.268743"/>
</kw>
<kw name="Wait Until Page Contains" owner="SeleniumLibrary">
<arg>PRODUCT STORE</arg>
<arg>10s</arg>
<doc>Waits until ``text`` appears on the current page.</doc>
<status status="PASS" start="2025-11-30T01:36:24.533816" elapsed="0.135956"/>
</kw>
<kw name="Sleep" owner="BuiltIn">
<msg time="2025-11-30T01:36:26.670553" level="INFO">Slept 2 seconds.</msg>
<arg>2s</arg>
<doc>Pauses the test executed for the given time.</doc>
<status status="PASS" start="2025-11-30T01:36:24.669772" elapsed="2.000781"/>
</kw>
<kw name="Execute Javascript" owner="SeleniumLibrary">
<msg time="2025-11-30T01:36:26.670553" level="INFO">Executing JavaScript:
browserstack_executor: {"action": "setSessionStatus", "arguments": {"status":"passed", "reason": "Logout successful"}}
Without any arguments.</msg>
<arg>browserstack_executor: {"action": "setSessionStatus", "arguments": {"status":"passed", "reason": "Logout successful"}}</arg>
<doc>Executes the given JavaScript code with possible arguments.</doc>
<status status="PASS" start="2025-11-30T01:36:26.670553" elapsed="0.580623"/>
</kw>
<kw name="Close All Browsers" owner="SeleniumLibrary">
<doc>Closes all open browsers and resets the browser cache.</doc>
<status status="PASS" start="2025-11-30T01:36:27.251176" elapsed="1.017965"/>
</kw>
<kw name="Run Keyword If Test Failed" owner="BuiltIn" type="TEARDOWN">
<arg>Mark Test Failed</arg>
<doc>Runs the given keyword with the given arguments, if the test failed.</doc>
<status status="PASS" start="2025-11-30T01:36:28.269141" elapsed="0.000000"/>
</kw>
<doc>Logout test on Firefox via BrowserStack</doc>
<status status="PASS" start="2025-11-30T01:36:12.107627" elapsed="16.162511"/>
</test>
<status status="PASS" start="2025-11-30T01:36:12.091996" elapsed="16.178142"/>
</suite>
<status status="PASS" start="2025-11-30T01:34:52.195301" elapsed="96.076070"/>
</suite>
<statistics>
<total>
<stat pass="4" fail="0" skip="0">All Tests</stat>
</total>
<tag>
</tag>
<suite>
<stat name="Buy Test &amp; Delete Test &amp; Login Test &amp; Logout Test" id="s1" pass="4" fail="0" skip="0">Buy Test &amp; Delete Test &amp; Login Test &amp; Logout Test</stat>
<stat name="Buy Test" id="s1-s1" pass="1" fail="0" skip="0">Buy Test &amp; Delete Test &amp; Login Test &amp; Logout Test.Buy Test</stat>
<stat name="Delete Test" id="s1-s2" pass="1" fail="0" skip="0">Buy Test &amp; Delete Test &amp; Login Test &amp; Logout Test.Delete Test</stat>
<stat name="Login Test" id="s1-s3" pass="1" fail="0" skip="0">Buy Test &amp; Delete Test &amp; Login Test &amp; Logout Test.Login Test</stat>
<stat name="Logout Test" id="s1-s4" pass="1" fail="0" skip="0">Buy Test &amp; Delete Test &amp; Login Test &amp; Logout Test.Logout Test</stat>
</suite>
</statistics>
<errors>
</errors>
</robot>
