<?xml version="1.0" encoding="UTF-8"?>
<robot generator="Robot 7.3.2 (Python 3.11.0 on win32)" generated="2025-10-23T16:08:34.031801" rpa="false" schemaversion="5">
<suite id="s1" name="Buy Test" source="C:\Users\iliya\Desktop\masters\testing\task2\testCases\three\buy_test.robot">
<test id="s1-t1" name="Buy Product Test" line="6">
<kw name="Open Browser" owner="SeleniumLibrary">
<msg time="2025-10-23T16:08:34.190205" level="INFO">Opening browser 'Chrome' to base url 'https://www.demoblaze.com/'.</msg>
<arg>${baseUrl}</arg>
<arg>Chrome</arg>
<doc>Opens a new browser instance to the optional ``url``.</doc>
<status status="PASS" start="2025-10-23T16:08:34.188459" elapsed="2.287711"/>
</kw>
<kw name="Scroll Element Into View" owner="SeleniumLibrary">
<arg>css:#login2</arg>
<doc>Scrolls the element identified by ``locator`` into view.</doc>
<status status="PASS" start="2025-10-23T16:08:36.476170" elapsed="0.286411"/>
</kw>
<kw name="Wait Until Element Is Visible" owner="SeleniumLibrary">
<arg>css:#login2</arg>
<arg>10s</arg>
<doc>Waits until the element ``locator`` is visible.</doc>
<status status="PASS" start="2025-10-23T16:08:36.762581" elapsed="0.000000"/>
</kw>
<kw name="Execute Javascript" owner="SeleniumLibrary">
<msg time="2025-10-23T16:08:36.762581" level="INFO">Executing JavaScript:
document.querySelector('#login2').click()
Without any arguments.</msg>
<arg>document.querySelector('#login2').click()</arg>
<doc>Executes the given JavaScript code with possible arguments.</doc>
<status status="PASS" start="2025-10-23T16:08:36.762581" elapsed="0.018895"/>
</kw>
<kw name="Wait Until Element Is Visible" owner="SeleniumLibrary">
<arg>id:loginusername</arg>
<arg>10s</arg>
<doc>Waits until the element ``locator`` is visible.</doc>
<status status="PASS" start="2025-10-23T16:08:36.781476" elapsed="0.217296"/>
</kw>
<kw name="Input Text" owner="SeleniumLibrary">
<msg time="2025-10-23T16:08:36.998772" level="INFO">Typing text 'theilich' into text field 'id:loginusername'.</msg>
<arg>id:loginusername</arg>
<arg>${login}</arg>
<doc>Types the given ``text`` into the text field identified by ``locator``.</doc>
<status status="PASS" start="2025-10-23T16:08:36.998772" elapsed="0.058975"/>
</kw>
<kw name="Input Password" owner="SeleniumLibrary">
<msg time="2025-10-23T16:08:37.057747" level="INFO">Typing password into text field 'id:loginpassword'.</msg>
<msg time="2025-10-23T16:08:37.082563" level="INFO">Temporally setting log level to: NONE</msg>
<arg>id:loginpassword</arg>
<arg>${password}</arg>
<doc>Types the given password into the text field identified by ``locator``.</doc>
<status status="PASS" start="2025-10-23T16:08:37.057747" elapsed="0.052662"/>
</kw>
<kw name="Click Element" owner="SeleniumLibrary">
<msg time="2025-10-23T16:08:37.110409" level="INFO">Clicking element 'xpath://button[text()='Log in']'.</msg>
<arg>xpath://button[text()='Log in']</arg>
<doc>Click the element identified by ``locator``.</doc>
<status status="PASS" start="2025-10-23T16:08:37.110409" elapsed="0.045729"/>
</kw>
<kw name="Wait Until Element Is Visible" owner="SeleniumLibrary">
<arg>id:nameofuser</arg>
<arg>10s</arg>
<doc>Waits until the element ``locator`` is visible.</doc>
<status status="PASS" start="2025-10-23T16:08:37.158506" elapsed="1.419712"/>
</kw>
<kw name="Wait Until Page Contains Element" owner="SeleniumLibrary">
<arg>css:#tbodyid &gt; div:nth-child(1) &gt; div &gt; div &gt; h4 &gt; a</arg>
<arg>10s</arg>
<doc>Waits until the element ``locator`` appears on the current page.</doc>
<status status="PASS" start="2025-10-23T16:08:38.578218" elapsed="0.004224"/>
</kw>
<kw name="Execute Javascript" owner="SeleniumLibrary">
<msg time="2025-10-23T16:08:38.582442" level="INFO">Executing JavaScript:
document.querySelector('#tbodyid &gt; div:nth-child(1) &gt; div &gt; div &gt; h4 &gt; a').click()
Without any arguments.</msg>
<arg>document.querySelector('#tbodyid &gt; div:nth-child(1) &gt; div &gt; div &gt; h4 &gt; a').click()</arg>
<doc>Executes the given JavaScript code with possible arguments.</doc>
<status status="PASS" start="2025-10-23T16:08:38.582442" elapsed="0.475708"/>
</kw>
<kw name="Wait Until Page Contains" owner="SeleniumLibrary">
<arg>Samsung galaxy s6</arg>
<arg>10s</arg>
<doc>Waits until ``text`` appears on the current page.</doc>
<status status="PASS" start="2025-10-23T16:08:39.058150" elapsed="0.630107"/>
</kw>
<kw name="Wait Until Element Is Visible" owner="SeleniumLibrary">
<arg>css:#tbodyid &gt; div.row &gt; div &gt; a</arg>
<arg>10s</arg>
<doc>Waits until the element ``locator`` is visible.</doc>
<status status="PASS" start="2025-10-23T16:08:39.688257" elapsed="0.009857"/>
</kw>
<kw name="Execute Javascript" owner="SeleniumLibrary">
<msg time="2025-10-23T16:08:39.698114" level="INFO">Executing JavaScript:
document.querySelector('#tbodyid &gt; div.row &gt; div &gt; a').click()
Without any arguments.</msg>
<arg>document.querySelector('#tbodyid &gt; div.row &gt; div &gt; a').click()</arg>
<doc>Executes the given JavaScript code with possible arguments.</doc>
<status status="PASS" start="2025-10-23T16:08:39.698114" elapsed="0.011785"/>
</kw>
<kw name="Handle Alert" owner="SeleniumLibrary">
<msg time="2025-10-23T16:08:39.710905" level="INFO">HANDLE::&lt;class 'NoneType'&gt;::None</msg>
<arg>ACCEPT</arg>
<doc>Handles the current alert and returns its message.</doc>
<status status="PASS" start="2025-10-23T16:08:39.709899" elapsed="1.007120"/>
</kw>
<kw name="Wait Until Element Is Visible" owner="SeleniumLibrary">
<arg>css:#navbarExample &gt; ul &gt; li.nav-item.active &gt; a</arg>
<arg>10s</arg>
<doc>Waits until the element ``locator`` is visible.</doc>
<status status="PASS" start="2025-10-23T16:08:40.717019" elapsed="0.011242"/>
</kw>
<kw name="Execute Javascript" owner="SeleniumLibrary">
<msg time="2025-10-23T16:08:40.728261" level="INFO">Executing JavaScript:
document.querySelector('#navbarExample &gt; ul &gt; li.nav-item.active &gt; a').click()
Without any arguments.</msg>
<arg>document.querySelector('#navbarExample &gt; ul &gt; li.nav-item.active &gt; a').click()</arg>
<doc>Executes the given JavaScript code with possible arguments.</doc>
<status status="PASS" start="2025-10-23T16:08:40.728261" elapsed="0.260319"/>
</kw>
<kw name="Wait Until Page Contains" owner="SeleniumLibrary">
<arg>PRODUCT STORE</arg>
<arg>10s</arg>
<doc>Waits until ``text`` appears on the current page.</doc>
<status status="PASS" start="2025-10-23T16:08:40.989206" elapsed="0.015534"/>
</kw>
<kw name="Wait Until Element Is Visible" owner="SeleniumLibrary">
<arg>css:#cartur</arg>
<arg>10s</arg>
<doc>Waits until the element ``locator`` is visible.</doc>
<status status="PASS" start="2025-10-23T16:08:41.004740" elapsed="0.010192"/>
</kw>
<kw name="Execute Javascript" owner="SeleniumLibrary">
<msg time="2025-10-23T16:08:41.015931" level="INFO">Executing JavaScript:
document.querySelector('#cartur').click()
Without any arguments.</msg>
<arg>document.querySelector('#cartur').click()</arg>
<doc>Executes the given JavaScript code with possible arguments.</doc>
<status status="PASS" start="2025-10-23T16:08:41.014932" elapsed="0.486638"/>
</kw>
<kw name="Wait Until Page Contains" owner="SeleniumLibrary">
<arg>Place Order</arg>
<arg>10s</arg>
<doc>Waits until ``text`` appears on the current page.</doc>
<status status="PASS" start="2025-10-23T16:08:41.501570" elapsed="0.020557"/>
</kw>
<kw name="Wait Until Element Is Visible" owner="SeleniumLibrary">
<arg>css:#page-wrapper &gt; div &gt; div.col-lg-1 &gt; button</arg>
<arg>10s</arg>
<doc>Waits until the element ``locator`` is visible.</doc>
<status status="PASS" start="2025-10-23T16:08:41.523127" elapsed="0.010180"/>
</kw>
<kw name="Execute Javascript" owner="SeleniumLibrary">
<msg time="2025-10-23T16:08:41.533630" level="INFO">Executing JavaScript:
document.querySelector('#page-wrapper &gt; div &gt; div.col-lg-1 &gt; button').click()
Without any arguments.</msg>
<arg>document.querySelector('#page-wrapper &gt; div &gt; div.col-lg-1 &gt; button').click()</arg>
<doc>Executes the given JavaScript code with possible arguments.</doc>
<status status="PASS" start="2025-10-23T16:08:41.533307" elapsed="0.005019"/>
</kw>
<kw name="Wait Until Element Is Visible" owner="SeleniumLibrary">
<arg>css:#name</arg>
<arg>10s</arg>
<doc>Waits until the element ``locator`` is visible.</doc>
<status status="PASS" start="2025-10-23T16:08:41.538326" elapsed="0.220037"/>
</kw>
<kw name="Input Text" owner="SeleniumLibrary">
<msg time="2025-10-23T16:08:41.758363" level="INFO">Typing text 'Iliyas' into text field 'css:#name'.</msg>
<arg>css:#name</arg>
<arg>Iliyas</arg>
<doc>Types the given ``text`` into the text field identified by ``locator``.</doc>
<status status="PASS" start="2025-10-23T16:08:41.758363" elapsed="0.053668"/>
</kw>
<kw name="Sleep" owner="BuiltIn">
<msg time="2025-10-23T16:08:43.812412" level="INFO">Slept 2 seconds.</msg>
<arg>2s</arg>
<doc>Pauses the test executed for the given time.</doc>
<status status="PASS" start="2025-10-23T16:08:41.812031" elapsed="2.000381"/>
</kw>
<kw name="Input Text" owner="SeleniumLibrary">
<msg time="2025-10-23T16:08:43.812412" level="INFO">Typing text '13' into text field 'css:#card'.</msg>
<arg>css:#card</arg>
<arg>13</arg>
<doc>Types the given ``text`` into the text field identified by ``locator``.</doc>
<status status="PASS" start="2025-10-23T16:08:43.812412" elapsed="0.045832"/>
</kw>
<kw name="Sleep" owner="BuiltIn">
<msg time="2025-10-23T16:08:45.858451" level="INFO">Slept 2 seconds.</msg>
<arg>2s</arg>
<doc>Pauses the test executed for the given time.</doc>
<status status="PASS" start="2025-10-23T16:08:43.858244" elapsed="2.000207"/>
</kw>
<kw name="Execute Javascript" owner="SeleniumLibrary">
<msg time="2025-10-23T16:08:45.858451" level="INFO">Executing JavaScript:
document.querySelector('#orderModal &gt; div &gt; div &gt; div.modal-footer &gt; button.btn.btn-primary').click()
Without any arguments.</msg>
<arg>document.querySelector('#orderModal &gt; div &gt; div &gt; div.modal-footer &gt; button.btn.btn-primary').click()</arg>
<doc>Executes the given JavaScript code with possible arguments.</doc>
<status status="PASS" start="2025-10-23T16:08:45.858451" elapsed="0.013851"/>
</kw>
<kw name="Sleep" owner="BuiltIn">
<msg time="2025-10-23T16:08:50.872823" level="INFO">Slept 5 seconds.</msg>
<arg>5s</arg>
<doc>Pauses the test executed for the given time.</doc>
<status status="PASS" start="2025-10-23T16:08:45.872302" elapsed="5.000521"/>
</kw>
<kw name="Close Browser" owner="SeleniumLibrary" type="TEARDOWN">
<doc>Closes the current browser.</doc>
<status status="PASS" start="2025-10-23T16:08:50.872823" elapsed="2.091824"/>
</kw>
<doc>Login, select first product, add to cart, handle alert, and purchase</doc>
<status status="PASS" start="2025-10-23T16:08:34.188459" elapsed="18.776188"/>
</test>
<status status="PASS" start="2025-10-23T16:08:34.031801" elapsed="18.932846"/>
</suite>
<statistics>
<total>
<stat pass="1" fail="0" skip="0">All Tests</stat>
</total>
<tag>
</tag>
<suite>
<stat name="Buy Test" id="s1" pass="1" fail="0" skip="0">Buy Test</stat>
</suite>
</statistics>
<errors>
</errors>
</robot>
